2018-10-08 22:19:47,542 [Worker-5: Loading available Gradle versions] INFO  c.g.t.t.d.PublishedGradleVersions - Gradle version information cache is up-to-date. Trying to read.
2018-10-08 22:22:15,108 [Worker-6: Creating project "struts2"] INFO  o.e.m.c.i.l.LifecycleMappingFactory - Using org.maven.ide.eclipse.wtp.WarLifecycleMapping lifecycle mapping for MavenProject: com.fpq:struts2:0.0.1-SNAPSHOT @ E:\struts\strutsWS\struts2\pom.xml.
2018-10-08 22:22:16,568 [Worker-6: Creating project "struts2"] INFO  o.e.m.j.i.AbstractJavaProjectConfigurator - Adding source folder /struts2/src/main/java
2018-10-08 22:22:16,570 [Worker-6: Creating project "struts2"] INFO  o.e.m.j.i.AbstractJavaProjectConfigurator - Adding resource folder /struts2/src/main/resources
2018-10-08 22:22:16,572 [Worker-6: Creating project "struts2"] INFO  o.e.m.j.i.AbstractJavaProjectConfigurator - Adding source folder /struts2/src/test/java
2018-10-08 22:22:16,572 [Worker-6: Creating project "struts2"] INFO  o.e.m.j.i.AbstractJavaProjectConfigurator - Adding resource folder /struts2/src/test/resources
2018-10-08 22:22:19,697 [Worker-11: Building workspace] WARN  o.e.m.c.i.embedder.EclipseLogger - Using platform encoding (GBK actually) to copy filtered resources, i.e. build is platform dependent!
2018-10-08 22:22:19,730 [Worker-11: Building workspace] INFO  o.e.m.c.i.embedder.EclipseLogger - Copying 0 resource
2018-10-08 22:22:19,738 [Worker-11: Building workspace] WARN  o.e.m.c.i.embedder.EclipseLogger - Using platform encoding (GBK actually) to copy filtered resources, i.e. build is platform dependent!
2018-10-08 22:22:19,746 [Worker-11: Building workspace] INFO  o.e.m.c.i.embedder.EclipseLogger - Copying 0 resource
2018-10-08 22:22:21,124 [Worker-6: Building workspace] WARN  o.e.m.c.i.embedder.EclipseLogger - Using platform encoding (GBK actually) to copy filtered resources, i.e. build is platform dependent!
2018-10-08 22:22:21,129 [Worker-6: Building workspace] INFO  o.e.m.c.i.embedder.EclipseLogger - Copying 0 resource
2018-10-08 22:22:21,130 [Worker-6: Building workspace] WARN  o.e.m.c.i.embedder.EclipseLogger - Using platform encoding (GBK actually) to copy filtered resources, i.e. build is platform dependent!
2018-10-08 22:22:21,132 [Worker-6: Building workspace] INFO  o.e.m.c.i.embedder.EclipseLogger - Copying 0 resource
2018-10-08 22:22:43,475 [Worker-4: Building Project struts2] WARN  o.e.m.c.i.embedder.EclipseLogger - Using platform encoding (GBK actually) to copy filtered resources, i.e. build is platform dependent!
2018-10-08 22:22:43,477 [Worker-4: Building Project struts2] INFO  o.e.m.c.i.embedder.EclipseLogger - Copying 0 resource
2018-10-08 22:22:43,480 [Worker-4: Building Project struts2] WARN  o.e.m.c.i.embedder.EclipseLogger - Using platform encoding (GBK actually) to copy filtered resources, i.e. build is platform dependent!
2018-10-08 22:22:43,482 [Worker-4: Building Project struts2] INFO  o.e.m.c.i.embedder.EclipseLogger - Copying 0 resource
2018-10-08 22:22:55,766 [Worker-12: Building workspace] WARN  o.e.m.c.i.embedder.EclipseLogger - Using platform encoding (GBK actually) to copy filtered resources, i.e. build is platform dependent!
2018-10-08 22:22:55,767 [Worker-12: Building workspace] INFO  o.e.m.c.i.embedder.EclipseLogger - Copying 0 resource
2018-10-08 22:22:55,768 [Worker-12: Building workspace] WARN  o.e.m.c.i.embedder.EclipseLogger - Using platform encoding (GBK actually) to copy filtered resources, i.e. build is platform dependent!
2018-10-08 22:22:55,769 [Worker-12: Building workspace] INFO  o.e.m.c.i.embedder.EclipseLogger - Copying 0 resource
2018-10-08 22:23:10,901 [Worker-11: Building workspace] WARN  o.e.m.c.i.embedder.EclipseLogger - Using platform encoding (GBK actually) to copy filtered resources, i.e. build is platform dependent!
2018-10-08 22:23:10,902 [Worker-11: Building workspace] INFO  o.e.m.c.i.embedder.EclipseLogger - Copying 0 resource
2018-10-08 22:23:10,905 [Worker-11: Building workspace] WARN  o.e.m.c.i.embedder.EclipseLogger - Using platform encoding (GBK actually) to copy filtered resources, i.e. build is platform dependent!
2018-10-08 22:23:10,906 [Worker-11: Building workspace] INFO  o.e.m.c.i.embedder.EclipseLogger - Copying 0 resource
2018-10-08 22:23:18,158 [Worker-8: Building workspace] WARN  o.e.m.c.i.embedder.EclipseLogger - Using platform encoding (GBK actually) to copy filtered resources, i.e. build is platform dependent!
2018-10-08 22:23:18,169 [Worker-8: Building workspace] INFO  o.e.m.c.i.embedder.EclipseLogger - Copying 0 resource
2018-10-08 22:23:18,172 [Worker-8: Building workspace] WARN  o.e.m.c.i.embedder.EclipseLogger - Using platform encoding (GBK actually) to copy filtered resources, i.e. build is platform dependent!
2018-10-08 22:23:18,174 [Worker-8: Building workspace] INFO  o.e.m.c.i.embedder.EclipseLogger - Copying 0 resource
2018-10-08 22:23:18,176 [Worker-8: Building workspace] INFO  o.e.m.w.i.f.ResourceFilteringBuildParticipant - Changed resources require a complete clean of filtered resources of struts2
2018-10-08 22:23:18,177 [Worker-8: Building workspace] INFO  o.e.m.w.i.f.ResourceFilteringBuildParticipant - Executing resource filtering for struts2
2018-10-08 22:23:18,187 [Worker-8: Building workspace] WARN  o.e.m.c.i.embedder.EclipseLogger - Using platform encoding (GBK actually) to copy filtered resources, i.e. build is platform dependent!
2018-10-08 22:23:35,089 [Worker-11: Building workspace] WARN  o.e.m.c.i.embedder.EclipseLogger - Using platform encoding (GBK actually) to copy filtered resources, i.e. build is platform dependent!
2018-10-08 22:23:35,091 [Worker-11: Building workspace] INFO  o.e.m.c.i.embedder.EclipseLogger - Copying 0 resource
2018-10-08 22:23:35,092 [Worker-11: Building workspace] WARN  o.e.m.c.i.embedder.EclipseLogger - Using platform encoding (GBK actually) to copy filtered resources, i.e. build is platform dependent!
2018-10-08 22:23:35,095 [Worker-11: Building workspace] INFO  o.e.m.c.i.embedder.EclipseLogger - Copying 0 resource
2018-10-08 23:41:49,212 [Worker-26: Updating Maven Dependencies] INFO  o.e.m.c.i.l.LifecycleMappingFactory - Using org.maven.ide.eclipse.wtp.WarLifecycleMapping lifecycle mapping for MavenProject: com.fpq:struts2:0.0.1-SNAPSHOT @ E:\struts\strutsWS\struts2\pom.xml.
2018-10-08 23:41:50,458 [Worker-26: Building workspace] WARN  o.e.m.c.i.embedder.EclipseLogger - Using platform encoding (GBK actually) to copy filtered resources, i.e. build is platform dependent!
2018-10-08 23:41:50,484 [Worker-26: Building workspace] INFO  o.e.m.c.i.embedder.EclipseLogger - Copying 0 resource
2018-10-08 23:41:50,487 [Worker-26: Building workspace] WARN  o.e.m.c.i.embedder.EclipseLogger - Using platform encoding (GBK actually) to copy filtered resources, i.e. build is platform dependent!
2018-10-08 23:41:50,489 [Worker-26: Building workspace] INFO  o.e.m.c.i.embedder.EclipseLogger - Copying 0 resource
2018-10-08 23:50:16,749 [Worker-41: Building workspace] INFO  o.e.m.c.i.l.LifecycleMappingFactory - Using org.maven.ide.eclipse.wtp.WarLifecycleMapping lifecycle mapping for MavenProject: com.fpq:struts2:0.0.1-SNAPSHOT @ E:\struts\strutsWS\struts2\pom.xml.
2018-10-08 23:50:17,519 [Worker-41: Building workspace] INFO  o.e.m.c.i.e.AbstractTransferListenerAdapter - Downloading http://maven.aliyun.com/nexus/content/groups/public/org/apache/struts/struts2-core/2.1.6/struts2-core-2.1.6.pom
2018-10-08 23:50:17,837 [Worker-41: Building workspace] INFO  o.e.m.c.i.e.AbstractTransferListenerAdapter - Downloaded http://maven.aliyun.com/nexus/content/groups/public/org/apache/struts/struts2-core/2.1.6/struts2-core-2.1.6.pom
2018-10-08 23:50:18,596 [Worker-41: Building workspace] INFO  o.e.m.c.i.e.AbstractTransferListenerAdapter - Downloading http://maven.aliyun.com/nexus/content/groups/public/org/apache/struts/struts2-parent/2.1.6/struts2-parent-2.1.6.pom
2018-10-08 23:50:18,732 [Worker-41: Building workspace] INFO  o.e.m.c.i.e.AbstractTransferListenerAdapter - Downloaded http://maven.aliyun.com/nexus/content/groups/public/org/apache/struts/struts2-parent/2.1.6/struts2-parent-2.1.6.pom
2018-10-08 23:50:18,963 [Worker-41: Building workspace] INFO  o.e.m.c.i.e.AbstractTransferListenerAdapter - Downloading http://maven.aliyun.com/nexus/content/groups/public/org/apache/struts/struts-master/4/struts-master-4.pom
2018-10-08 23:50:19,077 [Worker-41: Building workspace] INFO  o.e.m.c.i.e.AbstractTransferListenerAdapter - Downloaded http://maven.aliyun.com/nexus/content/groups/public/org/apache/struts/struts-master/4/struts-master-4.pom
2018-10-08 23:50:19,190 [Worker-41: Building workspace] INFO  o.e.m.c.i.e.AbstractTransferListenerAdapter - Downloading http://maven.aliyun.com/nexus/content/groups/public/org/apache/apache/2/apache-2.pom
2018-10-08 23:50:19,303 [Worker-41: Building workspace] INFO  o.e.m.c.i.e.AbstractTransferListenerAdapter - Downloaded http://maven.aliyun.com/nexus/content/groups/public/org/apache/apache/2/apache-2.pom
2018-10-08 23:50:19,462 [Worker-41: Building workspace] INFO  o.e.m.c.i.e.AbstractTransferListenerAdapter - Downloading http://maven.aliyun.com/nexus/content/groups/public/com/opensymphony/xwork/2.1.2/xwork-2.1.2.pom
2018-10-08 23:50:19,752 [Worker-41: Building workspace] INFO  o.e.m.c.i.e.AbstractTransferListenerAdapter - Downloaded http://maven.aliyun.com/nexus/content/groups/public/com/opensymphony/xwork/2.1.2/xwork-2.1.2.pom
2018-10-08 23:50:19,869 [Worker-41: Building workspace] INFO  o.e.m.c.i.e.AbstractTransferListenerAdapter - Downloading http://maven.aliyun.com/nexus/content/groups/public/opensymphony/ognl/2.6.11/ognl-2.6.11.pom
2018-10-08 23:50:19,990 [Worker-41: Building workspace] INFO  o.e.m.c.i.e.AbstractTransferListenerAdapter - Downloaded http://maven.aliyun.com/nexus/content/groups/public/opensymphony/ognl/2.6.11/ognl-2.6.11.pom
2018-10-08 23:50:20,108 [Worker-41: Building workspace] INFO  o.e.m.c.i.e.AbstractTransferListenerAdapter - Downloading http://maven.aliyun.com/nexus/content/groups/public/org/springframework/spring-test/2.5.6/spring-test-2.5.6.pom
2018-10-08 23:50:20,224 [Worker-41: Building workspace] INFO  o.e.m.c.i.e.AbstractTransferListenerAdapter - Downloaded http://maven.aliyun.com/nexus/content/groups/public/org/springframework/spring-test/2.5.6/spring-test-2.5.6.pom
2018-10-08 23:50:20,539 [Worker-41: Building workspace] INFO  o.e.m.c.i.e.AbstractTransferListenerAdapter - Downloading http://maven.aliyun.com/nexus/content/groups/public/org/freemarker/freemarker/2.3.13/freemarker-2.3.13.pom
2018-10-08 23:50:20,660 [Worker-41: Building workspace] INFO  o.e.m.c.i.e.AbstractTransferListenerAdapter - Downloaded http://maven.aliyun.com/nexus/content/groups/public/org/freemarker/freemarker/2.3.13/freemarker-2.3.13.pom
2018-10-08 23:50:20,776 [Worker-41: Building workspace] INFO  o.e.m.c.i.e.AbstractTransferListenerAdapter - Downloading http://maven.aliyun.com/nexus/content/groups/public/commons-fileupload/commons-fileupload/1.2.1/commons-fileupload-1.2.1.pom
2018-10-08 23:50:20,900 [Worker-41: Building workspace] INFO  o.e.m.c.i.e.AbstractTransferListenerAdapter - Downloaded http://maven.aliyun.com/nexus/content/groups/public/commons-fileupload/commons-fileupload/1.2.1/commons-fileupload-1.2.1.pom
2018-10-08 23:50:21,026 [Worker-41: Building workspace] INFO  o.e.m.c.i.e.AbstractTransferListenerAdapter - Downloading http://maven.aliyun.com/nexus/content/groups/public/org/apache/commons/commons-parent/7/commons-parent-7.pom
2018-10-08 23:50:21,268 [Worker-41: Building workspace] INFO  o.e.m.c.i.e.AbstractTransferListenerAdapter - Downloaded http://maven.aliyun.com/nexus/content/groups/public/org/apache/commons/commons-parent/7/commons-parent-7.pom
2018-10-08 23:50:21,467 [Worker-41: Building workspace] INFO  o.e.m.c.i.e.AbstractTransferListenerAdapter - Downloading http://maven.aliyun.com/nexus/content/groups/public/org/apache/struts/struts2-core/2.1.6/struts2-core-2.1.6.jar
2018-10-08 23:50:22,385 [Worker-41: Building workspace] INFO  o.e.m.c.i.e.AbstractTransferListenerAdapter - Downloaded http://maven.aliyun.com/nexus/content/groups/public/org/apache/struts/struts2-core/2.1.6/struts2-core-2.1.6.jar
2018-10-08 23:50:22,525 [Worker-41: Building workspace] INFO  o.e.m.c.i.e.AbstractTransferListenerAdapter - Downloading http://maven.aliyun.com/nexus/content/groups/public/com/opensymphony/xwork/2.1.2/xwork-2.1.2.jar
2018-10-08 23:50:23,855 [Worker-41: Building workspace] INFO  o.e.m.c.i.e.AbstractTransferListenerAdapter - Downloaded http://maven.aliyun.com/nexus/content/groups/public/com/opensymphony/xwork/2.1.2/xwork-2.1.2.jar
2018-10-08 23:50:24,305 [Worker-41: Building workspace] INFO  o.e.m.c.i.e.AbstractTransferListenerAdapter - Downloading http://maven.aliyun.com/nexus/content/groups/public/org/springframework/spring-test/2.5.6/spring-test-2.5.6.jar
2018-10-08 23:50:25,170 [Worker-41: Building workspace] INFO  o.e.m.c.i.e.AbstractTransferListenerAdapter - Downloaded http://maven.aliyun.com/nexus/content/groups/public/org/springframework/spring-test/2.5.6/spring-test-2.5.6.jar
2018-10-08 23:50:25,581 [Worker-41: Building workspace] INFO  o.e.m.c.i.e.AbstractTransferListenerAdapter - Downloading http://maven.aliyun.com/nexus/content/groups/public/org/freemarker/freemarker/2.3.13/freemarker-2.3.13.jar
2018-10-08 23:50:27,325 [Worker-41: Building workspace] INFO  o.e.m.c.i.e.AbstractTransferListenerAdapter - Downloaded http://maven.aliyun.com/nexus/content/groups/public/org/freemarker/freemarker/2.3.13/freemarker-2.3.13.jar
2018-10-08 23:50:27,462 [Worker-41: Building workspace] INFO  o.e.m.c.i.e.AbstractTransferListenerAdapter - Downloading http://maven.aliyun.com/nexus/content/groups/public/opensymphony/ognl/2.6.11/ognl-2.6.11.jar
2018-10-08 23:50:27,658 [Worker-41: Building workspace] INFO  o.e.m.c.i.e.AbstractTransferListenerAdapter - Downloaded http://maven.aliyun.com/nexus/content/groups/public/opensymphony/ognl/2.6.11/ognl-2.6.11.jar
2018-10-08 23:50:27,764 [Worker-41: Building workspace] INFO  o.e.m.c.i.e.AbstractTransferListenerAdapter - Downloading http://maven.aliyun.com/nexus/content/groups/public/commons-fileupload/commons-fileupload/1.2.1/commons-fileupload-1.2.1.jar
2018-10-08 23:50:27,876 [Worker-41: Building workspace] INFO  o.e.m.c.i.e.AbstractTransferListenerAdapter - Downloaded http://maven.aliyun.com/nexus/content/groups/public/commons-fileupload/commons-fileupload/1.2.1/commons-fileupload-1.2.1.jar
2018-10-08 23:50:29,665 [Worker-41: Building workspace] WARN  o.e.m.c.i.embedder.EclipseLogger - Using platform encoding (GBK actually) to copy filtered resources, i.e. build is platform dependent!
2018-10-08 23:50:29,670 [Worker-41: Building workspace] INFO  o.e.m.c.i.embedder.EclipseLogger - Copying 0 resource
2018-10-08 23:50:29,674 [Worker-41: Building workspace] WARN  o.e.m.c.i.embedder.EclipseLogger - Using platform encoding (GBK actually) to copy filtered resources, i.e. build is platform dependent!
2018-10-08 23:50:29,675 [Worker-41: Building workspace] INFO  o.e.m.c.i.embedder.EclipseLogger - Copying 0 resource
2018-10-08 23:50:29,675 [Worker-41: Building workspace] INFO  o.e.m.w.i.f.ResourceFilteringBuildParticipant - Changed resources require a complete clean of filtered resources of struts2
2018-10-08 23:50:29,675 [Worker-41: Building workspace] INFO  o.e.m.w.i.f.ResourceFilteringBuildParticipant - Executing resource filtering for struts2
2018-10-08 23:50:29,682 [Worker-41: Building workspace] WARN  o.e.m.c.i.embedder.EclipseLogger - Using platform encoding (GBK actually) to copy filtered resources, i.e. build is platform dependent!
2018-10-08 23:50:30,762 [Worker-43: Download sources and javadoc] INFO  o.e.m.c.i.e.AbstractTransferListenerAdapter - Downloading http://maven.aliyun.com/nexus/content/groups/public/org/apache/struts/struts2-core/2.1.6/struts2-core-2.1.6-sources.jar
2018-10-08 23:50:31,194 [Worker-43: Download sources and javadoc] INFO  o.e.m.c.i.e.AbstractTransferListenerAdapter - Downloaded http://maven.aliyun.com/nexus/content/groups/public/org/apache/struts/struts2-core/2.1.6/struts2-core-2.1.6-sources.jar
2018-10-08 23:50:31,274 [Worker-43: Download sources and javadoc] INFO  o.e.m.j.internal.DownloadSourcesJob - Downloaded sources for org.apache.struts:struts2-core:2.1.6
2018-10-08 23:50:31,555 [Worker-43: Download sources and javadoc] INFO  o.e.m.c.i.e.AbstractTransferListenerAdapter - Downloading http://maven.aliyun.com/nexus/content/groups/public/com/opensymphony/xwork/2.1.2/xwork-2.1.2-sources.jar
2018-10-08 23:50:31,755 [Worker-43: Download sources and javadoc] INFO  o.e.m.c.i.e.AbstractTransferListenerAdapter - Downloaded http://maven.aliyun.com/nexus/content/groups/public/com/opensymphony/xwork/2.1.2/xwork-2.1.2-sources.jar
2018-10-08 23:50:31,852 [Worker-43: Download sources and javadoc] INFO  o.e.m.j.internal.DownloadSourcesJob - Downloaded sources for com.opensymphony:xwork:2.1.2
2018-10-08 23:50:31,968 [Worker-43: Download sources and javadoc] INFO  o.e.m.c.i.e.AbstractTransferListenerAdapter - Downloading http://maven.aliyun.com/nexus/content/groups/public/org/springframework/spring-test/2.5.6/spring-test-2.5.6-sources.jar
2018-10-08 23:50:32,544 [Worker-43: Download sources and javadoc] INFO  o.e.m.c.i.e.AbstractTransferListenerAdapter - Downloaded http://maven.aliyun.com/nexus/content/groups/public/org/springframework/spring-test/2.5.6/spring-test-2.5.6-sources.jar
2018-10-08 23:50:32,624 [Worker-43: Download sources and javadoc] INFO  o.e.m.j.internal.DownloadSourcesJob - Downloaded sources for org.springframework:spring-test:2.5.6
2018-10-08 23:50:33,359 [Worker-43: Download sources and javadoc] INFO  o.e.m.c.i.e.AbstractTransferListenerAdapter - Downloading http://maven.aliyun.com/nexus/content/groups/public/commons-logging/commons-logging/1.1.1/commons-logging-1.1.1-sources.jar
2018-10-08 23:50:34,116 [Worker-43: Download sources and javadoc] INFO  o.e.m.c.i.e.AbstractTransferListenerAdapter - Downloaded http://maven.aliyun.com/nexus/content/groups/public/commons-logging/commons-logging/1.1.1/commons-logging-1.1.1-sources.jar
2018-10-08 23:50:34,457 [Worker-43: Download sources and javadoc] INFO  o.e.m.j.internal.DownloadSourcesJob - Downloaded sources for commons-logging:commons-logging:1.1.1
2018-10-08 23:50:35,389 [Worker-43: Download sources and javadoc] INFO  o.e.m.c.i.e.AbstractTransferListenerAdapter - Downloading http://maven.aliyun.com/nexus/content/groups/public/org/freemarker/freemarker/2.3.13/freemarker-2.3.13-sources.jar
2018-10-08 23:50:36,121 [Worker-43: Download sources and javadoc] INFO  o.e.m.c.i.e.AbstractTransferListenerAdapter - Downloaded http://maven.aliyun.com/nexus/content/groups/public/org/freemarker/freemarker/2.3.13/freemarker-2.3.13-sources.jar
2018-10-08 23:50:36,199 [Worker-43: Download sources and javadoc] INFO  o.e.m.j.internal.DownloadSourcesJob - Downloaded sources for org.freemarker:freemarker:2.3.13
2018-10-08 23:50:36,347 [Worker-43: Download sources and javadoc] INFO  o.e.m.c.i.e.AbstractTransferListenerAdapter - Downloading http://maven.aliyun.com/nexus/content/groups/public/opensymphony/ognl/2.6.11/ognl-2.6.11-sources.jar
2018-10-08 23:50:36,543 [Worker-43: Download sources and javadoc] INFO  o.e.m.c.i.e.AbstractTransferListenerAdapter - Downloaded http://maven.aliyun.com/nexus/content/groups/public/opensymphony/ognl/2.6.11/ognl-2.6.11-sources.jar
2018-10-08 23:50:36,624 [Worker-43: Download sources and javadoc] INFO  o.e.m.j.internal.DownloadSourcesJob - Downloaded sources for opensymphony:ognl:2.6.11
2018-10-08 23:50:36,737 [Worker-43: Download sources and javadoc] INFO  o.e.m.c.i.e.AbstractTransferListenerAdapter - Downloading http://maven.aliyun.com/nexus/content/groups/public/commons-fileupload/commons-fileupload/1.2.1/commons-fileupload-1.2.1-sources.jar
2018-10-08 23:50:36,978 [Worker-43: Download sources and javadoc] INFO  o.e.m.c.i.e.AbstractTransferListenerAdapter - Downloaded http://maven.aliyun.com/nexus/content/groups/public/commons-fileupload/commons-fileupload/1.2.1/commons-fileupload-1.2.1-sources.jar
2018-10-08 23:50:37,096 [Worker-43: Download sources and javadoc] INFO  o.e.m.j.internal.DownloadSourcesJob - Downloaded sources for commons-fileupload:commons-fileupload:1.2.1
2018-10-08 23:50:37,210 [Worker-43: Download sources and javadoc] INFO  o.e.m.c.i.e.AbstractTransferListenerAdapter - Downloading http://maven.aliyun.com/nexus/content/groups/public/commons-io/commons-io/1.3.2/commons-io-1.3.2-sources.jar
2018-10-08 23:50:37,392 [Worker-43: Download sources and javadoc] INFO  o.e.m.c.i.e.AbstractTransferListenerAdapter - Downloaded http://maven.aliyun.com/nexus/content/groups/public/commons-io/commons-io/1.3.2/commons-io-1.3.2-sources.jar
2018-10-08 23:50:37,624 [Worker-43: Download sources and javadoc] INFO  o.e.m.j.internal.DownloadSourcesJob - Downloaded sources for commons-io:commons-io:1.3.2
2018-10-08 23:50:37,817 [Worker-43: Building workspace] WARN  o.e.m.c.i.embedder.EclipseLogger - Using platform encoding (GBK actually) to copy filtered resources, i.e. build is platform dependent!
2018-10-08 23:50:37,818 [Worker-43: Building workspace] INFO  o.e.m.c.i.embedder.EclipseLogger - Copying 0 resource
2018-10-08 23:50:37,820 [Worker-43: Building workspace] WARN  o.e.m.c.i.embedder.EclipseLogger - Using platform encoding (GBK actually) to copy filtered resources, i.e. build is platform dependent!
2018-10-08 23:50:37,821 [Worker-43: Building workspace] INFO  o.e.m.c.i.embedder.EclipseLogger - Copying 0 resource
2018-10-09 00:14:29,940 [Worker-45: Building workspace] WARN  o.e.m.c.i.embedder.EclipseLogger - Using platform encoding (GBK actually) to copy filtered resources, i.e. build is platform dependent!
2018-10-09 00:14:29,953 [Worker-45: Building workspace] INFO  o.e.m.c.i.embedder.EclipseLogger - Copying 0 resource
2018-10-09 00:14:29,956 [Worker-45: Building workspace] WARN  o.e.m.c.i.embedder.EclipseLogger - Using platform encoding (GBK actually) to copy filtered resources, i.e. build is platform dependent!
2018-10-09 00:14:29,957 [Worker-45: Building workspace] INFO  o.e.m.c.i.embedder.EclipseLogger - Copying 0 resource
2018-10-09 00:17:21,517 [Worker-50: Building workspace] WARN  o.e.m.c.i.embedder.EclipseLogger - Using platform encoding (GBK actually) to copy filtered resources, i.e. build is platform dependent!
2018-10-09 00:17:21,518 [Worker-50: Building workspace] INFO  o.e.m.c.i.embedder.EclipseLogger - Copying 0 resource
2018-10-09 00:17:21,520 [Worker-50: Building workspace] WARN  o.e.m.c.i.embedder.EclipseLogger - Using platform encoding (GBK actually) to copy filtered resources, i.e. build is platform dependent!
2018-10-09 00:17:21,521 [Worker-50: Building workspace] INFO  o.e.m.c.i.embedder.EclipseLogger - Copying 0 resource
2018-10-09 00:17:26,710 [Worker-50: Building workspace] WARN  o.e.m.c.i.embedder.EclipseLogger - Using platform encoding (GBK actually) to copy filtered resources, i.e. build is platform dependent!
2018-10-09 00:17:26,712 [Worker-50: Building workspace] INFO  o.e.m.c.i.embedder.EclipseLogger - Copying 0 resource
2018-10-09 00:17:26,713 [Worker-50: Building workspace] WARN  o.e.m.c.i.embedder.EclipseLogger - Using platform encoding (GBK actually) to copy filtered resources, i.e. build is platform dependent!
2018-10-09 00:17:26,714 [Worker-50: Building workspace] INFO  o.e.m.c.i.embedder.EclipseLogger - Copying 0 resource
2018-10-09 00:19:48,516 [Worker-54: Building workspace] INFO  o.e.m.c.i.l.LifecycleMappingFactory - Using org.maven.ide.eclipse.wtp.WarLifecycleMapping lifecycle mapping for MavenProject: com.fpq:struts2:0.0.1-SNAPSHOT @ E:\struts\strutsWS\struts2\pom.xml.
2018-10-09 00:19:49,305 [Worker-54: Building workspace] INFO  o.e.m.c.i.e.AbstractTransferListenerAdapter - Downloading http://maven.aliyun.com/nexus/content/groups/public/org/apache/struts/struts2-core/2.3.20.3/struts2-core-2.3.20.3.pom
2018-10-09 00:19:49,720 [Worker-54: Building workspace] INFO  o.e.m.c.i.e.AbstractTransferListenerAdapter - Downloaded http://maven.aliyun.com/nexus/content/groups/public/org/apache/struts/struts2-core/2.3.20.3/struts2-core-2.3.20.3.pom
2018-10-09 00:19:50,149 [Worker-54: Building workspace] INFO  o.e.m.c.i.e.AbstractTransferListenerAdapter - Downloading http://maven.aliyun.com/nexus/content/groups/public/org/apache/struts/struts2-parent/2.3.20.3/struts2-parent-2.3.20.3.pom
2018-10-09 00:19:50,369 [Worker-54: Building workspace] INFO  o.e.m.c.i.e.AbstractTransferListenerAdapter - Downloaded http://maven.aliyun.com/nexus/content/groups/public/org/apache/struts/struts2-parent/2.3.20.3/struts2-parent-2.3.20.3.pom
2018-10-09 00:19:50,489 [Worker-54: Building workspace] INFO  o.e.m.c.i.e.AbstractTransferListenerAdapter - Downloading http://maven.aliyun.com/nexus/content/groups/public/org/apache/struts/struts-master/9/struts-master-9.pom
2018-10-09 00:19:50,645 [Worker-54: Building workspace] INFO  o.e.m.c.i.e.AbstractTransferListenerAdapter - Downloaded http://maven.aliyun.com/nexus/content/groups/public/org/apache/struts/struts-master/9/struts-master-9.pom
2018-10-09 00:19:50,824 [Worker-54: Building workspace] INFO  o.e.m.c.i.e.AbstractTransferListenerAdapter - Downloading http://maven.aliyun.com/nexus/content/groups/public/org/apache/struts/xwork/xwork-core/2.3.20.3/xwork-core-2.3.20.3.pom
2018-10-09 00:19:50,958 [Worker-54: Building workspace] INFO  o.e.m.c.i.e.AbstractTransferListenerAdapter - Downloaded http://maven.aliyun.com/nexus/content/groups/public/org/apache/struts/xwork/xwork-core/2.3.20.3/xwork-core-2.3.20.3.pom
2018-10-09 00:19:51,105 [Worker-54: Building workspace] INFO  o.e.m.c.i.e.AbstractTransferListenerAdapter - Downloading http://maven.aliyun.com/nexus/content/groups/public/org/apache/commons/commons-lang3/3.2/commons-lang3-3.2.pom
2018-10-09 00:19:51,308 [Worker-54: Building workspace] INFO  o.e.m.c.i.e.AbstractTransferListenerAdapter - Downloaded http://maven.aliyun.com/nexus/content/groups/public/org/apache/commons/commons-lang3/3.2/commons-lang3-3.2.pom
2018-10-09 00:19:51,482 [Worker-54: Building workspace] INFO  o.e.m.c.i.e.AbstractTransferListenerAdapter - Downloading http://maven.aliyun.com/nexus/content/groups/public/ognl/ognl/3.0.6.1/ognl-3.0.6.1.pom
2018-10-09 00:19:51,603 [Worker-54: Building workspace] INFO  o.e.m.c.i.e.AbstractTransferListenerAdapter - Downloaded http://maven.aliyun.com/nexus/content/groups/public/ognl/ognl/3.0.6.1/ognl-3.0.6.1.pom
2018-10-09 00:19:51,732 [Worker-54: Building workspace] INFO  o.e.m.c.i.e.AbstractTransferListenerAdapter - Downloading http://maven.aliyun.com/nexus/content/groups/public/javassist/javassist/3.11.0.GA/javassist-3.11.0.GA.pom
2018-10-09 00:19:51,874 [Worker-54: Building workspace] INFO  o.e.m.c.i.e.AbstractTransferListenerAdapter - Downloaded http://maven.aliyun.com/nexus/content/groups/public/javassist/javassist/3.11.0.GA/javassist-3.11.0.GA.pom
2018-10-09 00:19:51,988 [Worker-54: Building workspace] INFO  o.e.m.c.i.e.AbstractTransferListenerAdapter - Downloading http://maven.aliyun.com/nexus/content/groups/public/org/ow2/asm/asm/5.0.2/asm-5.0.2.pom
2018-10-09 00:19:52,108 [Worker-54: Building workspace] INFO  o.e.m.c.i.e.AbstractTransferListenerAdapter - Downloaded http://maven.aliyun.com/nexus/content/groups/public/org/ow2/asm/asm/5.0.2/asm-5.0.2.pom
2018-10-09 00:19:52,221 [Worker-54: Building workspace] INFO  o.e.m.c.i.e.AbstractTransferListenerAdapter - Downloading http://maven.aliyun.com/nexus/content/groups/public/org/ow2/asm/asm-parent/5.0.2/asm-parent-5.0.2.pom
2018-10-09 00:19:52,338 [Worker-54: Building workspace] INFO  o.e.m.c.i.e.AbstractTransferListenerAdapter - Downloaded http://maven.aliyun.com/nexus/content/groups/public/org/ow2/asm/asm-parent/5.0.2/asm-parent-5.0.2.pom
2018-10-09 00:19:52,464 [Worker-54: Building workspace] INFO  o.e.m.c.i.e.AbstractTransferListenerAdapter - Downloading http://maven.aliyun.com/nexus/content/groups/public/org/ow2/asm/asm-commons/5.0.2/asm-commons-5.0.2.pom
2018-10-09 00:19:52,589 [Worker-54: Building workspace] INFO  o.e.m.c.i.e.AbstractTransferListenerAdapter - Downloaded http://maven.aliyun.com/nexus/content/groups/public/org/ow2/asm/asm-commons/5.0.2/asm-commons-5.0.2.pom
2018-10-09 00:19:52,700 [Worker-54: Building workspace] INFO  o.e.m.c.i.e.AbstractTransferListenerAdapter - Downloading http://maven.aliyun.com/nexus/content/groups/public/org/ow2/asm/asm-tree/5.0.2/asm-tree-5.0.2.pom
2018-10-09 00:19:52,821 [Worker-54: Building workspace] INFO  o.e.m.c.i.e.AbstractTransferListenerAdapter - Downloaded http://maven.aliyun.com/nexus/content/groups/public/org/ow2/asm/asm-tree/5.0.2/asm-tree-5.0.2.pom
2018-10-09 00:19:52,941 [Worker-54: Building workspace] INFO  o.e.m.c.i.e.AbstractTransferListenerAdapter - Downloading http://maven.aliyun.com/nexus/content/groups/public/org/freemarker/freemarker/2.3.19/freemarker-2.3.19.pom
2018-10-09 00:19:53,050 [Worker-54: Building workspace] INFO  o.e.m.c.i.e.AbstractTransferListenerAdapter - Downloaded http://maven.aliyun.com/nexus/content/groups/public/org/freemarker/freemarker/2.3.19/freemarker-2.3.19.pom
2018-10-09 00:19:53,294 [Worker-54: Building workspace] INFO  o.e.m.c.i.e.AbstractTransferListenerAdapter - Downloading http://maven.aliyun.com/nexus/content/groups/public/org/apache/struts/struts2-core/2.3.20.3/struts2-core-2.3.20.3.jar
2018-10-09 00:19:54,339 [Worker-54: Building workspace] INFO  o.e.m.c.i.e.AbstractTransferListenerAdapter - Downloaded http://maven.aliyun.com/nexus/content/groups/public/org/apache/struts/struts2-core/2.3.20.3/struts2-core-2.3.20.3.jar
2018-10-09 00:19:54,499 [Worker-54: Building workspace] INFO  o.e.m.c.i.e.AbstractTransferListenerAdapter - Downloading http://maven.aliyun.com/nexus/content/groups/public/org/apache/struts/xwork/xwork-core/2.3.20.3/xwork-core-2.3.20.3.jar
2018-10-09 00:19:55,193 [Worker-54: Building workspace] INFO  o.e.m.c.i.e.AbstractTransferListenerAdapter - Downloaded http://maven.aliyun.com/nexus/content/groups/public/org/apache/struts/xwork/xwork-core/2.3.20.3/xwork-core-2.3.20.3.jar
2018-10-09 00:19:55,860 [Worker-54: Building workspace] INFO  o.e.m.c.i.e.AbstractTransferListenerAdapter - Downloading http://maven.aliyun.com/nexus/content/groups/public/org/apache/commons/commons-lang3/3.2/commons-lang3-3.2.jar
2018-10-09 00:19:57,502 [Worker-54: Building workspace] INFO  o.e.m.c.i.e.AbstractTransferListenerAdapter - Downloaded http://maven.aliyun.com/nexus/content/groups/public/org/apache/commons/commons-lang3/3.2/commons-lang3-3.2.jar
2018-10-09 00:19:57,623 [Worker-54: Building workspace] INFO  o.e.m.c.i.e.AbstractTransferListenerAdapter - Downloading http://maven.aliyun.com/nexus/content/groups/public/org/ow2/asm/asm/5.0.2/asm-5.0.2.jar
2018-10-09 00:19:58,300 [Worker-54: Building workspace] INFO  o.e.m.c.i.e.AbstractTransferListenerAdapter - Downloaded http://maven.aliyun.com/nexus/content/groups/public/org/ow2/asm/asm/5.0.2/asm-5.0.2.jar
2018-10-09 00:19:58,419 [Worker-54: Building workspace] INFO  o.e.m.c.i.e.AbstractTransferListenerAdapter - Downloading http://maven.aliyun.com/nexus/content/groups/public/org/ow2/asm/asm-commons/5.0.2/asm-commons-5.0.2.jar
2018-10-09 00:19:58,541 [Worker-54: Building workspace] INFO  o.e.m.c.i.e.AbstractTransferListenerAdapter - Downloaded http://maven.aliyun.com/nexus/content/groups/public/org/ow2/asm/asm-commons/5.0.2/asm-commons-5.0.2.jar
2018-10-09 00:19:58,788 [Worker-54: Building workspace] INFO  o.e.m.c.i.e.AbstractTransferListenerAdapter - Downloading http://maven.aliyun.com/nexus/content/groups/public/org/ow2/asm/asm-tree/5.0.2/asm-tree-5.0.2.jar
2018-10-09 00:19:58,904 [Worker-54: Building workspace] INFO  o.e.m.c.i.e.AbstractTransferListenerAdapter - Downloaded http://maven.aliyun.com/nexus/content/groups/public/org/ow2/asm/asm-tree/5.0.2/asm-tree-5.0.2.jar
2018-10-09 00:19:59,039 [Worker-54: Building workspace] INFO  o.e.m.c.i.e.AbstractTransferListenerAdapter - Downloading http://maven.aliyun.com/nexus/content/groups/public/org/freemarker/freemarker/2.3.19/freemarker-2.3.19.jar
2018-10-09 00:19:59,819 [Worker-54: Building workspace] INFO  o.e.m.c.i.e.AbstractTransferListenerAdapter - Downloaded http://maven.aliyun.com/nexus/content/groups/public/org/freemarker/freemarker/2.3.19/freemarker-2.3.19.jar
2018-10-09 00:19:59,973 [Worker-54: Building workspace] INFO  o.e.m.c.i.e.AbstractTransferListenerAdapter - Downloading http://maven.aliyun.com/nexus/content/groups/public/ognl/ognl/3.0.6.1/ognl-3.0.6.1.jar
2018-10-09 00:20:00,227 [Worker-54: Building workspace] INFO  o.e.m.c.i.e.AbstractTransferListenerAdapter - Downloaded http://maven.aliyun.com/nexus/content/groups/public/ognl/ognl/3.0.6.1/ognl-3.0.6.1.jar
2018-10-09 00:20:00,338 [Worker-54: Building workspace] INFO  o.e.m.c.i.e.AbstractTransferListenerAdapter - Downloading http://maven.aliyun.com/nexus/content/groups/public/javassist/javassist/3.11.0.GA/javassist-3.11.0.GA.jar
2018-10-09 00:20:00,935 [Worker-54: Building workspace] INFO  o.e.m.c.i.e.AbstractTransferListenerAdapter - Downloaded http://maven.aliyun.com/nexus/content/groups/public/javassist/javassist/3.11.0.GA/javassist-3.11.0.GA.jar
2018-10-09 00:20:03,413 [Worker-54: Building workspace] WARN  o.e.m.c.i.embedder.EclipseLogger - Using platform encoding (GBK actually) to copy filtered resources, i.e. build is platform dependent!
2018-10-09 00:20:03,416 [Worker-54: Building workspace] INFO  o.e.m.c.i.embedder.EclipseLogger - Copying 0 resource
2018-10-09 00:20:03,421 [Worker-54: Building workspace] WARN  o.e.m.c.i.embedder.EclipseLogger - Using platform encoding (GBK actually) to copy filtered resources, i.e. build is platform dependent!
2018-10-09 00:20:03,423 [Worker-54: Building workspace] INFO  o.e.m.c.i.embedder.EclipseLogger - Copying 0 resource
2018-10-09 00:20:03,424 [Worker-54: Building workspace] INFO  o.e.m.w.i.f.ResourceFilteringBuildParticipant - Changed resources require a complete clean of filtered resources of struts2
2018-10-09 00:20:03,424 [Worker-54: Building workspace] INFO  o.e.m.w.i.f.ResourceFilteringBuildParticipant - Executing resource filtering for struts2
2018-10-09 00:20:03,431 [Worker-54: Building workspace] WARN  o.e.m.c.i.embedder.EclipseLogger - Using platform encoding (GBK actually) to copy filtered resources, i.e. build is platform dependent!
2018-10-09 00:20:06,935 [Worker-55: Download sources and javadoc] INFO  o.e.m.c.i.e.AbstractTransferListenerAdapter - Downloading http://maven.aliyun.com/nexus/content/groups/public/org/apache/struts/struts2-core/2.3.20.3/struts2-core-2.3.20.3-sources.jar
2018-10-09 00:20:07,622 [Worker-55: Download sources and javadoc] INFO  o.e.m.c.i.e.AbstractTransferListenerAdapter - Downloaded http://maven.aliyun.com/nexus/content/groups/public/org/apache/struts/struts2-core/2.3.20.3/struts2-core-2.3.20.3-sources.jar
2018-10-09 00:20:07,807 [Worker-55: Download sources and javadoc] INFO  o.e.m.j.internal.DownloadSourcesJob - Downloaded sources for org.apache.struts:struts2-core:2.3.20.3
2018-10-09 00:20:09,492 [Worker-55: Download sources and javadoc] INFO  o.e.m.c.i.e.AbstractTransferListenerAdapter - Downloading http://maven.aliyun.com/nexus/content/groups/public/org/apache/struts/xwork/xwork-core/2.3.20.3/xwork-core-2.3.20.3-sources.jar
2018-10-09 00:20:09,878 [Worker-55: Download sources and javadoc] INFO  o.e.m.c.i.e.AbstractTransferListenerAdapter - Downloaded http://maven.aliyun.com/nexus/content/groups/public/org/apache/struts/xwork/xwork-core/2.3.20.3/xwork-core-2.3.20.3-sources.jar
2018-10-09 00:20:09,986 [Worker-55: Download sources and javadoc] INFO  o.e.m.j.internal.DownloadSourcesJob - Downloaded sources for org.apache.struts.xwork:xwork-core:2.3.20.3
2018-10-09 00:20:10,138 [Worker-55: Download sources and javadoc] INFO  o.e.m.c.i.e.AbstractTransferListenerAdapter - Downloading http://maven.aliyun.com/nexus/content/groups/public/org/apache/commons/commons-lang3/3.2/commons-lang3-3.2-sources.jar
2018-10-09 00:20:10,392 [Worker-55: Download sources and javadoc] INFO  o.e.m.c.i.e.AbstractTransferListenerAdapter - Downloaded http://maven.aliyun.com/nexus/content/groups/public/org/apache/commons/commons-lang3/3.2/commons-lang3-3.2-sources.jar
2018-10-09 00:20:10,469 [Worker-55: Download sources and javadoc] INFO  o.e.m.j.internal.DownloadSourcesJob - Downloaded sources for org.apache.commons:commons-lang3:3.2
2018-10-09 00:20:10,667 [Worker-55: Download sources and javadoc] INFO  o.e.m.c.i.e.AbstractTransferListenerAdapter - Downloading http://maven.aliyun.com/nexus/content/groups/public/org/ow2/asm/asm/5.0.2/asm-5.0.2-sources.jar
2018-10-09 00:20:11,086 [Worker-55: Download sources and javadoc] INFO  o.e.m.c.i.e.AbstractTransferListenerAdapter - Downloaded http://maven.aliyun.com/nexus/content/groups/public/org/ow2/asm/asm/5.0.2/asm-5.0.2-sources.jar
2018-10-09 00:20:11,165 [Worker-55: Download sources and javadoc] INFO  o.e.m.j.internal.DownloadSourcesJob - Downloaded sources for org.ow2.asm:asm:5.0.2
2018-10-09 00:20:11,324 [Worker-55: Download sources and javadoc] INFO  o.e.m.c.i.e.AbstractTransferListenerAdapter - Downloading http://maven.aliyun.com/nexus/content/groups/public/org/ow2/asm/asm-commons/5.0.2/asm-commons-5.0.2-sources.jar
2018-10-09 00:20:11,723 [Worker-55: Download sources and javadoc] INFO  o.e.m.c.i.e.AbstractTransferListenerAdapter - Downloaded http://maven.aliyun.com/nexus/content/groups/public/org/ow2/asm/asm-commons/5.0.2/asm-commons-5.0.2-sources.jar
2018-10-09 00:20:11,900 [Worker-55: Download sources and javadoc] INFO  o.e.m.j.internal.DownloadSourcesJob - Downloaded sources for org.ow2.asm:asm-commons:5.0.2
2018-10-09 00:20:12,072 [Worker-55: Download sources and javadoc] INFO  o.e.m.c.i.e.AbstractTransferListenerAdapter - Downloading http://maven.aliyun.com/nexus/content/groups/public/org/ow2/asm/asm-tree/5.0.2/asm-tree-5.0.2-sources.jar
2018-10-09 00:20:13,478 [Worker-55: Download sources and javadoc] INFO  o.e.m.c.i.e.AbstractTransferListenerAdapter - Downloaded http://maven.aliyun.com/nexus/content/groups/public/org/ow2/asm/asm-tree/5.0.2/asm-tree-5.0.2-sources.jar
2018-10-09 00:20:13,659 [Worker-55: Download sources and javadoc] INFO  o.e.m.j.internal.DownloadSourcesJob - Downloaded sources for org.ow2.asm:asm-tree:5.0.2
2018-10-09 00:20:14,210 [Worker-55: Download sources and javadoc] INFO  o.e.m.c.i.e.AbstractTransferListenerAdapter - Downloading http://maven.aliyun.com/nexus/content/groups/public/org/freemarker/freemarker/2.3.19/freemarker-2.3.19-sources.jar
2018-10-09 00:20:15,348 [Worker-55: Download sources and javadoc] INFO  o.e.m.c.i.e.AbstractTransferListenerAdapter - Downloaded http://maven.aliyun.com/nexus/content/groups/public/org/freemarker/freemarker/2.3.19/freemarker-2.3.19-sources.jar
2018-10-09 00:20:15,506 [Worker-55: Download sources and javadoc] INFO  o.e.m.j.internal.DownloadSourcesJob - Downloaded sources for org.freemarker:freemarker:2.3.19
2018-10-09 00:20:15,670 [Worker-55: Download sources and javadoc] INFO  o.e.m.c.i.e.AbstractTransferListenerAdapter - Downloading http://maven.aliyun.com/nexus/content/groups/public/ognl/ognl/3.0.6.1/ognl-3.0.6.1-sources.jar
2018-10-09 00:20:15,839 [Worker-55: Download sources and javadoc] INFO  o.e.m.c.i.e.AbstractTransferListenerAdapter - Downloaded http://maven.aliyun.com/nexus/content/groups/public/ognl/ognl/3.0.6.1/ognl-3.0.6.1-sources.jar
2018-10-09 00:20:16,243 [Worker-55: Download sources and javadoc] INFO  o.e.m.j.internal.DownloadSourcesJob - Downloaded sources for ognl:ognl:3.0.6.1
2018-10-09 00:20:16,369 [Worker-55: Download sources and javadoc] INFO  o.e.m.c.i.e.AbstractTransferListenerAdapter - Downloading http://maven.aliyun.com/nexus/content/groups/public/javassist/javassist/3.11.0.GA/javassist-3.11.0.GA-sources.jar
2018-10-09 00:20:16,561 [Worker-55: Download sources and javadoc] INFO  o.e.m.c.i.e.AbstractTransferListenerAdapter - Downloaded http://maven.aliyun.com/nexus/content/groups/public/javassist/javassist/3.11.0.GA/javassist-3.11.0.GA-sources.jar
2018-10-09 00:20:16,633 [Worker-55: Download sources and javadoc] INFO  o.e.m.j.internal.DownloadSourcesJob - Downloaded sources for javassist:javassist:3.11.0.GA
2018-10-09 00:20:16,743 [Worker-55: Download sources and javadoc] INFO  o.e.m.c.i.e.AbstractTransferListenerAdapter - Downloading http://maven.aliyun.com/nexus/content/groups/public/commons-fileupload/commons-fileupload/1.3.1/commons-fileupload-1.3.1-sources.jar
2018-10-09 00:20:16,861 [Worker-55: Download sources and javadoc] INFO  o.e.m.c.i.e.AbstractTransferListenerAdapter - Downloaded http://maven.aliyun.com/nexus/content/groups/public/commons-fileupload/commons-fileupload/1.3.1/commons-fileupload-1.3.1-sources.jar
2018-10-09 00:20:16,937 [Worker-55: Download sources and javadoc] INFO  o.e.m.j.internal.DownloadSourcesJob - Downloaded sources for commons-fileupload:commons-fileupload:1.3.1
2018-10-09 00:20:17,047 [Worker-55: Download sources and javadoc] INFO  o.e.m.c.i.e.AbstractTransferListenerAdapter - Downloading http://maven.aliyun.com/nexus/content/groups/public/commons-io/commons-io/2.2/commons-io-2.2-sources.jar
2018-10-09 00:20:17,180 [Worker-55: Download sources and javadoc] INFO  o.e.m.c.i.e.AbstractTransferListenerAdapter - Downloaded http://maven.aliyun.com/nexus/content/groups/public/commons-io/commons-io/2.2/commons-io-2.2-sources.jar
2018-10-09 00:20:17,263 [Worker-55: Download sources and javadoc] INFO  o.e.m.j.internal.DownloadSourcesJob - Downloaded sources for commons-io:commons-io:2.2
2018-10-09 00:21:56,903 [Worker-54: Building workspace] WARN  o.e.m.c.i.embedder.EclipseLogger - Using platform encoding (GBK actually) to copy filtered resources, i.e. build is platform dependent!
2018-10-09 00:21:56,912 [Worker-54: Building workspace] INFO  o.e.m.c.i.embedder.EclipseLogger - Copying 0 resource
2018-10-09 00:21:56,915 [Worker-54: Building workspace] WARN  o.e.m.c.i.embedder.EclipseLogger - Using platform encoding (GBK actually) to copy filtered resources, i.e. build is platform dependent!
2018-10-09 00:21:56,918 [Worker-54: Building workspace] INFO  o.e.m.c.i.embedder.EclipseLogger - Copying 0 resource
2018-10-09 00:29:01,930 [Worker-54: Building workspace] INFO  o.e.m.c.i.l.LifecycleMappingFactory - Using org.maven.ide.eclipse.wtp.WarLifecycleMapping lifecycle mapping for MavenProject: com.fpq:struts2:0.0.1-SNAPSHOT @ E:\struts\strutsWS\struts2\pom.xml.
2018-10-09 00:29:02,775 [Worker-54: Building workspace] WARN  o.e.m.c.i.embedder.EclipseLogger - Using platform encoding (GBK actually) to copy filtered resources, i.e. build is platform dependent!
2018-10-09 00:29:02,778 [Worker-54: Building workspace] INFO  o.e.m.c.i.embedder.EclipseLogger - Copying 0 resource
2018-10-09 00:29:02,806 [Worker-54: Building workspace] WARN  o.e.m.c.i.embedder.EclipseLogger - Using platform encoding (GBK actually) to copy filtered resources, i.e. build is platform dependent!
2018-10-09 00:29:02,808 [Worker-54: Building workspace] INFO  o.e.m.c.i.embedder.EclipseLogger - Copying 0 resource
2018-10-09 00:29:02,808 [Worker-54: Building workspace] INFO  o.e.m.w.i.f.ResourceFilteringBuildParticipant - Changed resources require a complete clean of filtered resources of struts2
2018-10-09 00:29:02,808 [Worker-54: Building workspace] INFO  o.e.m.w.i.f.ResourceFilteringBuildParticipant - Executing resource filtering for struts2
2018-10-09 00:29:02,835 [Worker-54: Building workspace] WARN  o.e.m.c.i.embedder.EclipseLogger - Using platform encoding (GBK actually) to copy filtered resources, i.e. build is platform dependent!
2018-10-09 00:29:04,079 [Worker-60: Building workspace] WARN  o.e.m.c.i.embedder.EclipseLogger - Using platform encoding (GBK actually) to copy filtered resources, i.e. build is platform dependent!
2018-10-09 00:29:04,082 [Worker-60: Building workspace] INFO  o.e.m.c.i.embedder.EclipseLogger - Copying 0 resource
2018-10-09 00:29:04,091 [Worker-60: Building workspace] WARN  o.e.m.c.i.embedder.EclipseLogger - Using platform encoding (GBK actually) to copy filtered resources, i.e. build is platform dependent!
2018-10-09 00:29:04,093 [Worker-60: Building workspace] INFO  o.e.m.c.i.embedder.EclipseLogger - Copying 0 resource
2018-10-09 00:32:42,917 [Worker-54: Building workspace] INFO  o.e.m.c.i.l.LifecycleMappingFactory - Using org.maven.ide.eclipse.wtp.WarLifecycleMapping lifecycle mapping for MavenProject: com.fpq:struts2:0.0.1-SNAPSHOT @ E:\struts\strutsWS\struts2\pom.xml.
2018-10-09 00:32:43,866 [Worker-54: Building workspace] WARN  o.e.m.c.i.embedder.EclipseLogger - Using platform encoding (GBK actually) to copy filtered resources, i.e. build is platform dependent!
2018-10-09 00:32:43,869 [Worker-54: Building workspace] INFO  o.e.m.c.i.embedder.EclipseLogger - Copying 0 resource
2018-10-09 00:32:43,870 [Worker-54: Building workspace] INFO  o.e.m.w.i.f.ResourceFilteringBuildParticipant - Changed resources require a complete clean of filtered resources of struts2
2018-10-09 00:32:43,871 [Worker-54: Building workspace] INFO  o.e.m.w.i.f.ResourceFilteringBuildParticipant - Executing resource filtering for struts2
2018-10-09 00:32:43,876 [Worker-54: Building workspace] WARN  o.e.m.c.i.embedder.EclipseLogger - Using platform encoding (GBK actually) to copy filtered resources, i.e. build is platform dependent!
2018-10-09 00:32:44,735 [Worker-62: Building workspace] WARN  o.e.m.c.i.embedder.EclipseLogger - Using platform encoding (GBK actually) to copy filtered resources, i.e. build is platform dependent!
2018-10-09 00:32:44,737 [Worker-62: Building workspace] INFO  o.e.m.c.i.embedder.EclipseLogger - Copying 0 resource
2018-10-09 00:32:44,738 [Worker-62: Building workspace] WARN  o.e.m.c.i.embedder.EclipseLogger - Using platform encoding (GBK actually) to copy filtered resources, i.e. build is platform dependent!
2018-10-09 00:32:44,740 [Worker-62: Building workspace] INFO  o.e.m.c.i.embedder.EclipseLogger - Copying 0 resource
2018-10-09 00:34:03,020 [Worker-58: Building workspace] INFO  o.e.m.c.i.l.LifecycleMappingFactory - Using org.maven.ide.eclipse.wtp.WarLifecycleMapping lifecycle mapping for MavenProject: com.fpq:struts2:0.0.1-SNAPSHOT @ E:\struts\strutsWS\struts2\pom.xml.
2018-10-09 00:34:03,870 [Worker-58: Building workspace] WARN  o.e.m.c.i.embedder.EclipseLogger - Using platform encoding (GBK actually) to copy filtered resources, i.e. build is platform dependent!
2018-10-09 00:34:03,873 [Worker-58: Building workspace] INFO  o.e.m.c.i.embedder.EclipseLogger - Copying 0 resource
2018-10-09 00:34:03,875 [Worker-58: Building workspace] WARN  o.e.m.c.i.embedder.EclipseLogger - Using platform encoding (GBK actually) to copy filtered resources, i.e. build is platform dependent!
2018-10-09 00:34:03,877 [Worker-58: Building workspace] INFO  o.e.m.c.i.embedder.EclipseLogger - Copying 0 resource
2018-10-09 00:34:03,877 [Worker-58: Building workspace] INFO  o.e.m.w.i.f.ResourceFilteringBuildParticipant - Changed resources require a complete clean of filtered resources of struts2
2018-10-09 00:34:03,877 [Worker-58: Building workspace] INFO  o.e.m.w.i.f.ResourceFilteringBuildParticipant - Executing resource filtering for struts2
2018-10-09 00:34:03,882 [Worker-58: Building workspace] WARN  o.e.m.c.i.embedder.EclipseLogger - Using platform encoding (GBK actually) to copy filtered resources, i.e. build is platform dependent!
2018-10-09 00:34:17,204 [Worker-54: Building workspace] WARN  o.e.m.c.i.embedder.EclipseLogger - Using platform encoding (GBK actually) to copy filtered resources, i.e. build is platform dependent!
2018-10-09 00:34:17,206 [Worker-54: Building workspace] INFO  o.e.m.c.i.embedder.EclipseLogger - Copying 0 resource
2018-10-09 00:34:17,207 [Worker-54: Building workspace] WARN  o.e.m.c.i.embedder.EclipseLogger - Using platform encoding (GBK actually) to copy filtered resources, i.e. build is platform dependent!
2018-10-09 00:34:17,208 [Worker-54: Building workspace] INFO  o.e.m.c.i.embedder.EclipseLogger - Copying 0 resource
2018-10-09 00:51:39,544 [Worker-68: Building workspace] WARN  o.e.m.c.i.embedder.EclipseLogger - Using platform encoding (GBK actually) to copy filtered resources, i.e. build is platform dependent!
2018-10-09 00:51:39,545 [Worker-68: Building workspace] INFO  o.e.m.c.i.embedder.EclipseLogger - Copying 0 resource
2018-10-09 00:51:39,547 [Worker-68: Building workspace] WARN  o.e.m.c.i.embedder.EclipseLogger - Using platform encoding (GBK actually) to copy filtered resources, i.e. build is platform dependent!
2018-10-09 00:51:39,548 [Worker-68: Building workspace] INFO  o.e.m.c.i.embedder.EclipseLogger - Copying 0 resource
2018-10-09 00:51:58,674 [Worker-66: Building workspace] WARN  o.e.m.c.i.embedder.EclipseLogger - Using platform encoding (GBK actually) to copy filtered resources, i.e. build is platform dependent!
2018-10-09 00:51:58,675 [Worker-66: Building workspace] INFO  o.e.m.c.i.embedder.EclipseLogger - Copying 0 resource
2018-10-09 00:51:58,677 [Worker-66: Building workspace] WARN  o.e.m.c.i.embedder.EclipseLogger - Using platform encoding (GBK actually) to copy filtered resources, i.e. build is platform dependent!
2018-10-09 00:51:58,678 [Worker-66: Building workspace] INFO  o.e.m.c.i.embedder.EclipseLogger - Copying 0 resource
2018-10-09 00:52:04,439 [Worker-71: Building workspace] WARN  o.e.m.c.i.embedder.EclipseLogger - Using platform encoding (GBK actually) to copy filtered resources, i.e. build is platform dependent!
2018-10-09 00:52:04,441 [Worker-71: Building workspace] INFO  o.e.m.c.i.embedder.EclipseLogger - Copying 0 resource
2018-10-09 00:52:04,442 [Worker-71: Building workspace] WARN  o.e.m.c.i.embedder.EclipseLogger - Using platform encoding (GBK actually) to copy filtered resources, i.e. build is platform dependent!
2018-10-09 00:52:04,443 [Worker-71: Building workspace] INFO  o.e.m.c.i.embedder.EclipseLogger - Copying 0 resource
2018-10-09 00:52:09,739 [Worker-68: Building workspace] WARN  o.e.m.c.i.embedder.EclipseLogger - Using platform encoding (GBK actually) to copy filtered resources, i.e. build is platform dependent!
2018-10-09 00:52:09,741 [Worker-68: Building workspace] INFO  o.e.m.c.i.embedder.EclipseLogger - Copying 0 resource
2018-10-09 00:52:09,742 [Worker-68: Building workspace] WARN  o.e.m.c.i.embedder.EclipseLogger - Using platform encoding (GBK actually) to copy filtered resources, i.e. build is platform dependent!
2018-10-09 00:52:09,743 [Worker-68: Building workspace] INFO  o.e.m.c.i.embedder.EclipseLogger - Copying 0 resource
2018-10-09 00:55:42,396 [Worker-67: Building workspace] WARN  o.e.m.c.i.embedder.EclipseLogger - Using platform encoding (GBK actually) to copy filtered resources, i.e. build is platform dependent!
2018-10-09 00:55:42,398 [Worker-67: Building workspace] INFO  o.e.m.c.i.embedder.EclipseLogger - Copying 0 resource
2018-10-09 00:55:42,400 [Worker-67: Building workspace] WARN  o.e.m.c.i.embedder.EclipseLogger - Using platform encoding (GBK actually) to copy filtered resources, i.e. build is platform dependent!
2018-10-09 00:55:42,401 [Worker-67: Building workspace] INFO  o.e.m.c.i.embedder.EclipseLogger - Copying 0 resource
2018-10-09 00:59:42,455 [Worker-73: Building workspace] WARN  o.e.m.c.i.embedder.EclipseLogger - Using platform encoding (GBK actually) to copy filtered resources, i.e. build is platform dependent!
2018-10-09 00:59:42,457 [Worker-73: Building workspace] INFO  o.e.m.c.i.embedder.EclipseLogger - Copying 0 resource
2018-10-09 00:59:42,458 [Worker-73: Building workspace] WARN  o.e.m.c.i.embedder.EclipseLogger - Using platform encoding (GBK actually) to copy filtered resources, i.e. build is platform dependent!
2018-10-09 00:59:42,459 [Worker-73: Building workspace] INFO  o.e.m.c.i.embedder.EclipseLogger - Copying 0 resource
2018-10-09 01:04:40,190 [Worker-77: Cleaning all projects] INFO  o.e.m.w.i.f.ResourceFilteringBuildParticipant - Cleaning filtered folder for struts2
2018-10-09 01:04:40,390 [Worker-76: Building workspace] WARN  o.e.m.c.i.embedder.EclipseLogger - Using platform encoding (GBK actually) to copy filtered resources, i.e. build is platform dependent!
2018-10-09 01:04:40,392 [Worker-76: Building workspace] INFO  o.e.m.c.i.embedder.EclipseLogger - Copying 0 resource
2018-10-09 01:04:40,393 [Worker-76: Building workspace] WARN  o.e.m.c.i.embedder.EclipseLogger - Using platform encoding (GBK actually) to copy filtered resources, i.e. build is platform dependent!
2018-10-09 01:04:40,394 [Worker-76: Building workspace] INFO  o.e.m.c.i.embedder.EclipseLogger - Copying 0 resource
2018-10-09 01:04:40,395 [Worker-76: Building workspace] INFO  o.e.m.w.i.f.ResourceFilteringBuildParticipant - Changed resources require a complete clean of filtered resources of struts2
2018-10-09 01:04:40,395 [Worker-76: Building workspace] INFO  o.e.m.w.i.f.ResourceFilteringBuildParticipant - Executing resource filtering for struts2
2018-10-09 01:04:40,409 [Worker-76: Building workspace] WARN  o.e.m.c.i.embedder.EclipseLogger - Using platform encoding (GBK actually) to copy filtered resources, i.e. build is platform dependent!
2018-10-09 01:44:28,695 [Worker-2: Loading available Gradle versions] INFO  c.g.t.t.d.PublishedGradleVersions - Gradle version information cache is up-to-date. Trying to read.
2018-10-09 01:44:41,344 [Worker-8: Building workspace] WARN  o.e.m.c.i.embedder.EclipseLogger - Using platform encoding (GBK actually) to copy filtered resources, i.e. build is platform dependent!
2018-10-09 01:44:41,358 [Worker-8: Building workspace] INFO  o.e.m.c.i.embedder.EclipseLogger - Copying 0 resource
2018-10-09 01:44:41,362 [Worker-8: Building workspace] WARN  o.e.m.c.i.embedder.EclipseLogger - Using platform encoding (GBK actually) to copy filtered resources, i.e. build is platform dependent!
2018-10-09 01:44:41,364 [Worker-8: Building workspace] INFO  o.e.m.c.i.embedder.EclipseLogger - Copying 0 resource
2018-10-09 21:23:03,981 [Worker-6: Loading available Gradle versions] INFO  c.g.t.t.d.PublishedGradleVersions - Gradle version information cache is out-of-date. Trying to update.
2018-10-10 00:27:23,923 [Worker-9: Loading available Gradle versions] INFO  c.g.t.t.d.PublishedGradleVersions - Gradle version information cache is up-to-date. Trying to read.
2018-10-10 22:23:55,798 [Worker-0: Loading available Gradle versions] INFO  c.g.t.t.d.PublishedGradleVersions - Gradle version information cache is out-of-date. Trying to update.
2018-10-12 21:02:41,150 [Worker-5: Loading available Gradle versions] INFO  c.g.t.t.d.PublishedGradleVersions - Gradle version information cache is out-of-date. Trying to update.
2018-10-13 16:55:03,059 [Worker-4: Loading available Gradle versions] INFO  c.g.t.t.d.PublishedGradleVersions - Gradle version information cache is up-to-date. Trying to read.
2018-10-14 12:05:31,008 [Worker-3: Loading available Gradle versions] INFO  c.g.t.t.d.PublishedGradleVersions - Gradle version information cache is out-of-date. Trying to update.
2018-10-15 20:56:57,041 [Worker-6: Loading available Gradle versions] INFO  c.g.t.t.d.PublishedGradleVersions - Gradle version information cache is out-of-date. Trying to update.
2018-10-17 23:11:06,390 [Worker-2: Loading available Gradle versions] INFO  c.g.t.t.d.PublishedGradleVersions - Gradle version information cache is out-of-date. Trying to update.
2018-10-18 21:44:22,656 [Worker-6: Loading available Gradle versions] INFO  c.g.t.t.d.PublishedGradleVersions - Gradle version information cache is up-to-date. Trying to read.
2018-10-19 22:42:47,374 [Worker-3: Loading available Gradle versions] INFO  c.g.t.t.d.PublishedGradleVersions - Gradle version information cache is out-of-date. Trying to update.
2018-10-20 11:55:35,962 [Worker-3: Loading available Gradle versions] INFO  c.g.t.t.d.PublishedGradleVersions - Gradle version information cache is up-to-date. Trying to read.
2018-10-23 00:34:22,234 [Worker-3: Loading available Gradle versions] INFO  c.g.t.t.d.PublishedGradleVersions - Gradle version information cache is up-to-date. Trying to read.
2018-10-27 22:45:02,453 [Worker-4: Loading available Gradle versions] INFO  c.g.t.t.d.PublishedGradleVersions - Gradle version information cache is up-to-date. Trying to read.
2018-10-28 16:56:14,141 [Worker-1: Loading available Gradle versions] INFO  c.g.t.t.d.PublishedGradleVersions - Gradle version information cache is up-to-date. Trying to read.
2018-10-28 17:41:59,714 [Worker-0: Loading available Gradle versions] INFO  c.g.t.t.d.PublishedGradleVersions - Gradle version information cache is up-to-date. Trying to read.
